<?xml version="1.0" encoding="UTF-8"?>
<!-- Generated by org.testng.reporters.JUnitReportReporter -->
<testsuite hostname="Arun" failures="0" tests="1" name="demo_Testing.VerifyTitle" time="2.267" errors="0" timestamp="2024-05-08T23:08:58 IST" skipped="0">
  <testcase classname="demo_Testing.VerifyTitle" name="demo" time="2.267"/>
  <system-out/>
</testsuite> <!-- demo_Testing.VerifyTitle -->
