<?xml version="1.0" encoding="UTF-8"?>
<!-- Generated by org.testng.reporters.JUnitReportReporter -->
<testsuite hostname="Arun" failures="0" tests="3" name="com.actitime.testscript.CustomerModule" time="3.906" errors="0" timestamp="2024-05-12T22:34:45 IST" skipped="0">
  <testcase classname="com.actitime.testscript.CustomerModule" name="modifyCustomer" time="0.359"/>
  <system-out>
    <![CDATA[modifyCustomer Has Been Started
modifyCustomer
modifyCustomer Has Been Passed]]>
  </system-out>
  <testcase classname="com.actitime.testscript.CustomerModule" name="deleteCustomer" time="1.061"/>
  <system-out>
    <![CDATA[deleteCustomer Has Been Started
modifyCustomer
deleteCustomer Has Been Passed]]>
  </system-out>
  <testcase classname="com.actitime.testscript.CustomerModule" name="CreateCustomer" time="2.486"/>
  <system-out>
    <![CDATA[CreateCustomer Has Been Started
actiTIME - User List
createcustomer
CreateCustomer Has Been Passed]]>
  </system-out>
</testsuite> <!-- com.actitime.testscript.CustomerModule -->
