<?xml version="1.0" encoding="UTF-8"?>
<!-- Generated by org.testng.reporters.JUnitReportReporter -->
<testsuite hostname="Arun" failures="0" tests="3" name="com.actitime.testscript.UserModule" time="3.362" errors="0" timestamp="2024-05-12T21:59:45 IST" skipped="0">
  <testcase classname="com.actitime.testscript.UserModule" name="createUser" time="1.098"/>
  <system-out>
    <![CDATA[createUser Has Been Passed
createUser]]>
  </system-out>
  <testcase classname="com.actitime.testscript.UserModule" name="modifyUser" time="1.230"/>
  <system-out>
    <![CDATA[modifyUser Has Been Passed
modifyUser]]>
  </system-out>
  <testcase classname="com.actitime.testscript.UserModule" name="deleteUser" time="1.034"/>
  <system-out>
    <![CDATA[deleteUser Has Been Passed
deleteUser]]>
  </system-out>
</testsuite> <!-- com.actitime.testscript.UserModule -->
