<?xml version="1.0" encoding="UTF-8"?>
<!-- Generated by org.testng.reporters.JUnitReportReporter -->
<testsuite hostname="Arun" failures="0" tests="1" name="com.actitime.testscript.ProjectModule" time="1.334" errors="0" timestamp="2024-05-12T22:01:11 IST" skipped="0">
  <testcase classname="com.actitime.testscript.ProjectModule" name="createProject" time="1.334"/>
  <system-out>
    <![CDATA[createProject Has Been Passed
createProject]]>
  </system-out>
</testsuite> <!-- com.actitime.testscript.ProjectModule -->
